CRITICAL - 2021-12-08 03:49:03 --> Undefined variable: base_url
#0 C:\xampp\htdocs\toko_roti\app\Views\layout\v_nav.php(53): CodeIgniter\Debug\Exceptions->errorHandler(8, 'Undefined varia...', 'C:\\xampp\\htdocs...', 53, Array)
#1 C:\xampp\htdocs\toko_roti\system\View\View.php(214): include('C:\\xampp\\htdocs...')
#2 C:\xampp\htdocs\toko_roti\system\View\View.php(217): CodeIgniter\View\View->CodeIgniter\View\{closure}()
#3 C:\xampp\htdocs\toko_roti\system\Common.php(1097): CodeIgniter\View\View->render('layout/v_nav', Array, true)
#4 C:\xampp\htdocs\toko_roti\app\Views\layout\v_wrapper.php(3): view('layout/v_nav')
#5 C:\xampp\htdocs\toko_roti\system\View\View.php(214): include('C:\\xampp\\htdocs...')
#6 C:\xampp\htdocs\toko_roti\system\View\View.php(217): CodeIgniter\View\View->CodeIgniter\View\{closure}()
#7 C:\xampp\htdocs\toko_roti\system\Common.php(1097): CodeIgniter\View\View->render('layout/v_wrappe...', Array, true)
#8 C:\xampp\htdocs\toko_roti\app\Controllers\Home.php(24): view('layout/v_wrappe...', Array)
#9 C:\xampp\htdocs\toko_roti\system\CodeIgniter.php(824): App\Controllers\Home->index()
#10 C:\xampp\htdocs\toko_roti\system\CodeIgniter.php(410): CodeIgniter\CodeIgniter->runController(Object(App\Controllers\Home))
#11 C:\xampp\htdocs\toko_roti\system\CodeIgniter.php(318): CodeIgniter\CodeIgniter->handleRequest(NULL, Object(Config\Cache), false)
#12 C:\xampp\htdocs\toko_roti\public\index.php(37): CodeIgniter\CodeIgniter->run()
#13 {main}
CRITICAL - 2021-12-08 03:49:25 --> Undefined variable: base_url
#0 C:\xampp\htdocs\toko_roti\app\Views\layout\v_nav.php(53): CodeIgniter\Debug\Exceptions->errorHandler(8, 'Undefined varia...', 'C:\\xampp\\htdocs...', 53, Array)
#1 C:\xampp\htdocs\toko_roti\system\View\View.php(214): include('C:\\xampp\\htdocs...')
#2 C:\xampp\htdocs\toko_roti\system\View\View.php(217): CodeIgniter\View\View->CodeIgniter\View\{closure}()
#3 C:\xampp\htdocs\toko_roti\system\Common.php(1097): CodeIgniter\View\View->render('layout/v_nav', Array, true)
#4 C:\xampp\htdocs\toko_roti\app\Views\layout\v_wrapper.php(3): view('layout/v_nav')
#5 C:\xampp\htdocs\toko_roti\system\View\View.php(214): include('C:\\xampp\\htdocs...')
#6 C:\xampp\htdocs\toko_roti\system\View\View.php(217): CodeIgniter\View\View->CodeIgniter\View\{closure}()
#7 C:\xampp\htdocs\toko_roti\system\Common.php(1097): CodeIgniter\View\View->render('layout/v_wrappe...', Array, true)
#8 C:\xampp\htdocs\toko_roti\app\Controllers\Home.php(24): view('layout/v_wrappe...', Array)
#9 C:\xampp\htdocs\toko_roti\system\CodeIgniter.php(824): App\Controllers\Home->index()
#10 C:\xampp\htdocs\toko_roti\system\CodeIgniter.php(410): CodeIgniter\CodeIgniter->runController(Object(App\Controllers\Home))
#11 C:\xampp\htdocs\toko_roti\system\CodeIgniter.php(318): CodeIgniter\CodeIgniter->handleRequest(NULL, Object(Config\Cache), false)
#12 C:\xampp\htdocs\toko_roti\public\index.php(37): CodeIgniter\CodeIgniter->run()
#13 {main}
CRITICAL - 2021-12-08 03:49:28 --> Undefined variable: base_url
#0 C:\xampp\htdocs\toko_roti\app\Views\layout\v_nav.php(53): CodeIgniter\Debug\Exceptions->errorHandler(8, 'Undefined varia...', 'C:\\xampp\\htdocs...', 53, Array)
#1 C:\xampp\htdocs\toko_roti\system\View\View.php(214): include('C:\\xampp\\htdocs...')
#2 C:\xampp\htdocs\toko_roti\system\View\View.php(217): CodeIgniter\View\View->CodeIgniter\View\{closure}()
#3 C:\xampp\htdocs\toko_roti\system\Common.php(1097): CodeIgniter\View\View->render('layout/v_nav', Array, true)
#4 C:\xampp\htdocs\toko_roti\app\Views\layout\v_wrapper.php(3): view('layout/v_nav')
#5 C:\xampp\htdocs\toko_roti\system\View\View.php(214): include('C:\\xampp\\htdocs...')
#6 C:\xampp\htdocs\toko_roti\system\View\View.php(217): CodeIgniter\View\View->CodeIgniter\View\{closure}()
#7 C:\xampp\htdocs\toko_roti\system\Common.php(1097): CodeIgniter\View\View->render('layout/v_wrappe...', Array, true)
#8 C:\xampp\htdocs\toko_roti\app\Controllers\Home.php(24): view('layout/v_wrappe...', Array)
#9 C:\xampp\htdocs\toko_roti\system\CodeIgniter.php(824): App\Controllers\Home->index()
#10 C:\xampp\htdocs\toko_roti\system\CodeIgniter.php(410): CodeIgniter\CodeIgniter->runController(Object(App\Controllers\Home))
#11 C:\xampp\htdocs\toko_roti\system\CodeIgniter.php(318): CodeIgniter\CodeIgniter->handleRequest(NULL, Object(Config\Cache), false)
#12 C:\xampp\htdocs\toko_roti\public\index.php(37): CodeIgniter\CodeIgniter->run()
#13 {main}
CRITICAL - 2021-12-08 03:49:30 --> Undefined variable: base_url
#0 C:\xampp\htdocs\toko_roti\app\Views\layout\v_nav.php(53): CodeIgniter\Debug\Exceptions->errorHandler(8, 'Undefined varia...', 'C:\\xampp\\htdocs...', 53, Array)
#1 C:\xampp\htdocs\toko_roti\system\View\View.php(214): include('C:\\xampp\\htdocs...')
#2 C:\xampp\htdocs\toko_roti\system\View\View.php(217): CodeIgniter\View\View->CodeIgniter\View\{closure}()
#3 C:\xampp\htdocs\toko_roti\system\Common.php(1097): CodeIgniter\View\View->render('layout/v_nav', Array, true)
#4 C:\xampp\htdocs\toko_roti\app\Views\layout\v_wrapper.php(3): view('layout/v_nav')
#5 C:\xampp\htdocs\toko_roti\system\View\View.php(214): include('C:\\xampp\\htdocs...')
#6 C:\xampp\htdocs\toko_roti\system\View\View.php(217): CodeIgniter\View\View->CodeIgniter\View\{closure}()
#7 C:\xampp\htdocs\toko_roti\system\Common.php(1097): CodeIgniter\View\View->render('layout/v_wrappe...', Array, true)
#8 C:\xampp\htdocs\toko_roti\app\Controllers\Home.php(24): view('layout/v_wrappe...', Array)
#9 C:\xampp\htdocs\toko_roti\system\CodeIgniter.php(824): App\Controllers\Home->index()
#10 C:\xampp\htdocs\toko_roti\system\CodeIgniter.php(410): CodeIgniter\CodeIgniter->runController(Object(App\Controllers\Home))
#11 C:\xampp\htdocs\toko_roti\system\CodeIgniter.php(318): CodeIgniter\CodeIgniter->handleRequest(NULL, Object(Config\Cache), false)
#12 C:\xampp\htdocs\toko_roti\public\index.php(37): CodeIgniter\CodeIgniter->run()
#13 {main}
